<?xml version="1.0" encoding="UTF-8"?>
<testsuite name="RomanNumberConverter.RomanNumberConverterTest" tests="2" skipped="0" failures="0" errors="0" timestamp="2019-03-25T14:40:40" hostname="tc405-112-08.insa-lyon.fr" time="0.077">
  <properties/>
  <testcase name="check_nullConvert" classname="RomanNumberConverter.RomanNumberConverterTest" time="0.072"/>
  <testcase name="checkConvert" classname="RomanNumberConverter.RomanNumberConverterTest" time="0.004"/>
  <system-out><![CDATA[]]></system-out>
  <system-err><![CDATA[]]></system-err>
</testsuite>
